<?xml version="1.0" encoding="UTF-8"?>
<!-- Generated by org.testng.reporters.JUnitReportReporter -->
<testsuite hostname="DESKTOP-GO5PBTN" failures="0" tests="1" name="ProgressiveInsuranceTest.AutoInsuranceQuoteTest" time="114.225" errors="0" timestamp="2021-01-23T23:47:46 CST" skipped="0">
  <testcase classname="ProgressiveInsuranceTest.AutoInsuranceQuoteTest" name="autoInsuranceQuote" time="114.225"/>
  <system-out/>
</testsuite> <!-- ProgressiveInsuranceTest.AutoInsuranceQuoteTest -->
